<?xml version="1.0" encoding="UTF-8"?>
<!-- Generated by org.testng.reporters.JUnitReportReporter -->
<testsuite skipped="0" hostname="MacBook-Air.local" name="JB2019AmazonProject.JB2019AmazonProject.tests.loginToAmazon" tests="1" failures="0" timestamp="23 Apr 2019 23:12:03 GMT" time="30.403" errors="0">
  <testcase name="_05_loginToAmazon" time="30.403" classname="JB2019AmazonProject.JB2019AmazonProject.tests.loginToAmazon"/>
</testsuite> <!-- JB2019AmazonProject.JB2019AmazonProject.tests.loginToAmazon -->
