<?xml version="1.0" encoding="UTF-8"?>
<!-- Generated by org.testng.reporters.JUnitReportReporter -->
<testsuite skipped="0" hostname="MacBook-Air.local" name="JB2019AmazonProject.JB2019AmazonProject.tests.AddNewAddressOnAmazon" tests="1" failures="0" timestamp="23 Apr 2019 19:00:42 GMT" time="40.010" errors="0">
  <testcase name="AddNewAddressOnAmazon" time="40.010" classname="JB2019AmazonProject.JB2019AmazonProject.tests.AddNewAddressOnAmazon"/>
</testsuite> <!-- JB2019AmazonProject.JB2019AmazonProject.tests.AddNewAddressOnAmazon -->
