<?xml version="1.0" encoding="UTF-8"?>
<!-- Generated by org.testng.reporters.JUnitReportReporter -->
<testsuite skipped="0" hostname="MacBook-Air.local" name="JB2019AmazonProject.JB2019AmazonProject.tests.ShoppingCartCounter" tests="1" failures="0" timestamp="24 Apr 2019 21:27:54 GMT" time="39.621" errors="0">
  <testcase name="_010_ShoppingCartCounter" time="39.621" classname="JB2019AmazonProject.JB2019AmazonProject.tests.ShoppingCartCounter"/>
</testsuite> <!-- JB2019AmazonProject.JB2019AmazonProject.tests.ShoppingCartCounter -->
