<?xml version="1.0" encoding="UTF-8"?>
<!-- Generated by org.testng.reporters.JUnitReportReporter -->
<testsuite skipped="0" hostname="MacBook-Air.local" name="JB2019AmazonProject.JB2019AmazonProject.tests.ResultsSidebarOnAmazon" tests="1" failures="0" timestamp="24 Apr 2019 14:54:47 GMT" time="48.373" errors="0">
  <testcase name="ResultsSidebarOnAmazon" time="48.373" classname="JB2019AmazonProject.JB2019AmazonProject.tests.ResultsSidebarOnAmazon"/>
</testsuite> <!-- JB2019AmazonProject.JB2019AmazonProject.tests.ResultsSidebarOnAmazon -->
