<?xml version="1.0" encoding="UTF-8"?>
<!-- Generated by org.testng.reporters.JUnitReportReporter -->
<testsuite skipped="0" hostname="MacBook-Air.local" name="JB2019AmazonProject.JB2019AmazonProject.tests.AddToList" tests="1" failures="0" timestamp="25 Apr 2019 21:10:07 GMT" time="32.310" errors="0">
  <testcase name="_012_AddToListItem" time="32.310" classname="JB2019AmazonProject.JB2019AmazonProject.tests.AddToList"/>
</testsuite> <!-- JB2019AmazonProject.JB2019AmazonProject.tests.AddToList -->
