<?xml version="1.0" encoding="UTF-8"?>
<!-- Generated by org.testng.reporters.JUnitReportReporter -->
<testsuite skipped="0" hostname="MacBook-Air.local" name="JB2019AmazonProject.JB2019AmazonProject.tests.SearchOnAmazon" tests="1" failures="0" timestamp="24 Apr 2019 18:47:11 GMT" time="72.876" errors="0">
  <testcase name="_09_SearchOnAmazon" time="72.876" classname="JB2019AmazonProject.JB2019AmazonProject.tests.SearchOnAmazon"/>
</testsuite> <!-- JB2019AmazonProject.JB2019AmazonProject.tests.SearchOnAmazon -->
