<?xml version="1.0" encoding="UTF-8"?>
<!-- Generated by org.testng.reporters.JUnitReportReporter -->
<testsuite skipped="0" hostname="MacBook-Air.local" name="JB2019AmazonProject.JB2019AmazonProject.tests.SearchAnItemAndAddQuantity" tests="1" failures="0" timestamp="24 Apr 2019 17:56:43 GMT" time="37.234" errors="0">
  <testcase name="testAddToCart" time="37.234" classname="JB2019AmazonProject.JB2019AmazonProject.tests.SearchAnItemAndAddQuantity"/>
</testsuite> <!-- JB2019AmazonProject.JB2019AmazonProject.tests.SearchAnItemAndAddQuantity -->
