<?xml version="1.0" encoding="UTF-8"?>
<!-- Generated by org.testng.reporters.JUnitReportReporter -->
<testsuite skipped="0" hostname="MacBook-Air.local" name="JB2019AmazonProject.JB2019AmazonProject.tests.SitePreferencesOnAmazon" tests="1" failures="0" timestamp="25 Apr 2019 21:15:22 GMT" time="49.198" errors="0">
  <testcase name="_011_SitePreferencesOnAmazon" time="49.198" classname="JB2019AmazonProject.JB2019AmazonProject.tests.SitePreferencesOnAmazon"/>
</testsuite> <!-- JB2019AmazonProject.JB2019AmazonProject.tests.SitePreferencesOnAmazon -->
