<?xml version="1.0" encoding="UTF-8"?>
<!-- Generated by org.testng.reporters.JUnitReportReporter -->
<testsuite skipped="0" hostname="MacBook-Air.local" name="JB2019AmazonProject.JB2019AmazonProject.tests.LanguageSettingsOnAmazon" tests="1" failures="0" timestamp="23 Apr 2019 22:11:46 GMT" time="49.772" errors="0">
  <testcase name="_04_LanguageSettingsPage" time="49.772" classname="JB2019AmazonProject.JB2019AmazonProject.tests.LanguageSettingsOnAmazon"/>
</testsuite> <!-- JB2019AmazonProject.JB2019AmazonProject.tests.LanguageSettingsOnAmazon -->
