<?xml version="1.0" encoding="UTF-8"?>
<!-- Generated by org.testng.reporters.JUnitReportReporter -->
<testsuite skipped="0" hostname="MacBook-Air.local" name="JB2019AmazonProject.JB2019AmazonProject.tests.FooterPageOnAmazon" tests="1" failures="0" timestamp="23 Apr 2019 19:37:39 GMT" time="192.825" errors="0">
  <testcase name="amazonMusicTest" time="192.825" classname="JB2019AmazonProject.JB2019AmazonProject.tests.FooterPageOnAmazon"/>
</testsuite> <!-- JB2019AmazonProject.JB2019AmazonProject.tests.FooterPageOnAmazon -->
