<?xml version="1.0" encoding="UTF-8"?>
<!-- Generated by org.testng.reporters.JUnitReportReporter -->
<testsuite skipped="0" hostname="MacBook-Air.local" name="JB2019AmazonProject.JB2019AmazonProject.tests.registerationAmazon" tests="1" failures="0" timestamp="24 Apr 2019 13:33:57 GMT" time="45.965" errors="0">
  <testcase name="registerationAmazon" time="45.965" classname="JB2019AmazonProject.JB2019AmazonProject.tests.registerationAmazon"/>
</testsuite> <!-- JB2019AmazonProject.JB2019AmazonProject.tests.registerationAmazon -->
