<?xml version="1.0" encoding="UTF-8"?>
<!-- Generated by org.testng.reporters.JUnitReportReporter -->
<testsuite skipped="0" hostname="MacBook-Air.local" name="JB2019AmazonProject.JB2019AmazonProject.tests.TellUsHowWeCanImproveFeedback" tests="1" failures="0" timestamp="24 Apr 2019 22:37:05 GMT" time="13.613" errors="0">
  <testcase name="_013_TellUsHowWeCanImproveFeedback" time="13.613" classname="JB2019AmazonProject.JB2019AmazonProject.tests.TellUsHowWeCanImproveFeedback"/>
</testsuite> <!-- JB2019AmazonProject.JB2019AmazonProject.tests.TellUsHowWeCanImproveFeedback -->
