<?xml version="1.0" encoding="UTF-8"?>
<!-- Generated by org.testng.reporters.JUnitReportReporter -->
<testsuite skipped="0" hostname="MacBook-Air.local" name="JB2019AmazonProject.JB2019AmazonProject.tests.ForgotPassword" tests="1" failures="0" timestamp="23 Apr 2019 21:30:26 GMT" time="53.657" errors="0">
  <testcase name="_03_ForgotPasswordTest" time="53.657" classname="JB2019AmazonProject.JB2019AmazonProject.tests.ForgotPassword"/>
</testsuite> <!-- JB2019AmazonProject.JB2019AmazonProject.tests.ForgotPassword -->
